d:\vs 2017 project\makeaexcel\fullapp\x64\debug\fullapp.pch
d:\vs 2017 project\makeaexcel\fullapp\x64\debug\vc141.pdb
d:\vs 2017 project\makeaexcel\fullapp\x64\debug\vc141.idb
d:\vs 2017 project\makeaexcel\fullapp\x64\debug\stdafx.obj
d:\vs 2017 project\makeaexcel\fullapp\x64\debug\fullapp.obj
d:\vs 2017 project\makeaexcel\fullapp\x64\debug\cexceloperation.obj
d:\vs 2017 project\makeaexcel\fullapp\x64\debug\fullappdlg.obj
d:\vs 2017 project\makeaexcel\x64\debug\fullapp.exe
d:\vs 2017 project\makeaexcel\x64\debug\fullapp.ilk
d:\vs 2017 project\makeaexcel\x64\debug\fullapp.pdb
d:\vs 2017 project\makeaexcel\fullapp\x64\debug\fullapp.res
d:\vs 2017 project\makeaexcel\fullapp\x64\debug\msado15.tli
d:\vs 2017 project\makeaexcel\fullapp\x64\debug\msado15.tlh
d:\vs 2017 project\makeaexcel\fullapp\x64\debug\fullapp.tlog\cl.command.1.tlog
d:\vs 2017 project\makeaexcel\fullapp\x64\debug\fullapp.tlog\cl.read.1.tlog
d:\vs 2017 project\makeaexcel\fullapp\x64\debug\fullapp.tlog\cl.write.1.tlog
d:\vs 2017 project\makeaexcel\fullapp\x64\debug\fullapp.tlog\link.command.1.tlog
d:\vs 2017 project\makeaexcel\fullapp\x64\debug\fullapp.tlog\link.read.1.tlog
d:\vs 2017 project\makeaexcel\fullapp\x64\debug\fullapp.tlog\link.write.1.tlog
d:\vs 2017 project\makeaexcel\fullapp\x64\debug\fullapp.tlog\rc.command.1.tlog
d:\vs 2017 project\makeaexcel\fullapp\x64\debug\fullapp.tlog\rc.read.1.tlog
d:\vs 2017 project\makeaexcel\fullapp\x64\debug\fullapp.tlog\rc.write.1.tlog
